# JRE version: OpenJDK Runtime Environment (8.0_191-b12) (build 1.8.0_191-8u191-b12-2ubuntu0.16.04.1-b12)
# Java VM: OpenJDK 64-Bit Server VM (25.191-b12 mixed mode linux-amd64 compressed oops)
Heap:
 PSYoungGen      total 105472K, used 43531K [0x00000000eab00000, 0x00000000f3080000, 0x0000000100000000)
  eden space 100864K, 38% used [0x00000000eab00000,0x00000000ed109290,0x00000000f0d80000)
  from space 4608K, 99% used [0x00000000f2c00000,0x00000000f3079a40,0x00000000f3080000)
  to   space 11776K, 0% used [0x00000000f1980000,0x00000000f1980000,0x00000000f2500000)
 ParOldGen       total 92672K, used 63710K [0x00000000c0000000, 0x00000000c5a80000, 0x00000000eab00000)
  object space 92672K, 68% used [0x00000000c0000000,0x00000000c3e37808,0x00000000c5a80000)
 Metaspace       used 102006K, capacity 110206K, committed 110464K, reserved 1144832K
  class space    used 11970K, capacity 14642K, committed 14720K, reserved 1048576K
GC Heap History (10 events):
Event: 6514.864 GC heap before
{Heap before GC invocations=154 (full 66):
 PSYoungGen      total 125952K, used 125530K [0x00000000eab00000, 0x00000000f4080000, 0x0000000100000000)
  eden space 119808K, 100% used [0x00000000eab00000,0x00000000f2000000,0x00000000f2000000)
  from space 6144K, 93% used [0x00000000f3100000,0x00000000f3696b68,0x00000000f3700000)
  to   space 9728K, 0% used [0x00000000f3700000,0x00000000f3700000,0x00000000f4080000)
 ParOldGen       total 92672K, used 59526K [0x00000000c0000000, 0x00000000c5a80000, 0x00000000eab00000)
  object space 92672K, 64% used [0x00000000c0000000,0x00000000c3a219f8,0x00000000c5a80000)
 Metaspace       used 101377K, capacity 109510K, committed 109696K, reserved 1144832K
  class space    used 11944K, capacity 14606K, committed 14720K, reserved 1048576K
Event: 6514.889 GC heap after
Heap after GC invocations=154 (full 66):
 PSYoungGen      total 122368K, used 6196K [0x00000000eab00000, 0x00000000f3d80000, 0x0000000100000000)
  eden space 115712K, 0% used [0x00000000eab00000,0x00000000eab00000,0x00000000f1c00000)
  from space 6656K, 93% used [0x00000000f3700000,0x00000000f3d0d3e0,0x00000000f3d80000)
  to   space 10240K, 0% used [0x00000000f2980000,0x00000000f2980000,0x00000000f3380000)
 ParOldGen       total 92672K, used 59534K [0x00000000c0000000, 0x00000000c5a80000, 0x00000000eab00000)
  object space 92672K, 64% used [0x00000000c0000000,0x00000000c3a239f8,0x00000000c5a80000)
 Metaspace       used 101377K, capacity 109510K, committed 109696K, reserved 1144832K
  class space    used 11944K, capacity 14606K, committed 14720K, reserved 1048576K
}
Event: 7477.533 GC heap before
{Heap before GC invocations=155 (full 66):
 PSYoungGen      total 122368K, used 121908K [0x00000000eab00000, 0x00000000f3d80000, 0x0000000100000000)
  eden space 115712K, 100% used [0x00000000eab00000,0x00000000f1c00000,0x00000000f1c00000)
  from space 6656K, 93% used [0x00000000f3700000,0x00000000f3d0d3e0,0x00000000f3d80000)
  to   space 10240K, 0% used [0x00000000f2980000,0x00000000f2980000,0x00000000f3380000)
 ParOldGen       total 92672K, used 59534K [0x00000000c0000000, 0x00000000c5a80000, 0x00000000eab00000)
  object space 92672K, 64% used [0x00000000c0000000,0x00000000c3a239f8,0x00000000c5a80000)
 Metaspace       used 101510K, capacity 109574K, committed 109952K, reserved 1144832K
  class space    used 11945K, capacity 14606K, committed 14720K, reserved 1048576K
Event: 7477.547 GC heap after
Heap after GC invocations=155 (full 66):
 PSYoungGen      total 118272K, used 6306K [0x00000000eab00000, 0x00000000f3780000, 0x0000000100000000)
  eden space 111616K, 0% used [0x00000000eab00000,0x00000000eab00000,0x00000000f1800000)
  from space 6656K, 94% used [0x00000000f2980000,0x00000000f2fa8ab8,0x00000000f3000000)
  to   space 7680K, 0% used [0x00000000f3000000,0x00000000f3000000,0x00000000f3780000)
 ParOldGen       total 92672K, used 59534K [0x00000000c0000000, 0x00000000c5a80000, 0x00000000eab00000)
  object space 92672K, 64% used [0x00000000c0000000,0x00000000c3a239f8,0x00000000c5a80000)
 Metaspace       used 101510K, capacity 109574K, committed 109952K, reserved 1144832K
  class space    used 11945K, capacity 14606K, committed 14720K, reserved 1048576K
}
Event: 7537.887 GC heap before
{Heap before GC invocations=156 (full 66):
 PSYoungGen      total 118272K, used 117922K [0x00000000eab00000, 0x00000000f3780000, 0x0000000100000000)
  eden space 111616K, 100% used [0x00000000eab00000,0x00000000f1800000,0x00000000f1800000)
  from space 6656K, 94% used [0x00000000f2980000,0x00000000f2fa8ab8,0x00000000f3000000)
  to   space 7680K, 0% used [0x00000000f3000000,0x00000000f3000000,0x00000000f3780000)
 ParOldGen       total 92672K, used 59534K [0x00000000c0000000, 0x00000000c5a80000, 0x00000000eab00000)
  object space 92672K, 64% used [0x00000000c0000000,0x00000000c3a239f8,0x00000000c5a80000)
 Metaspace       used 101595K, capacity 109638K, committed 109952K, reserved 1144832K
  class space    used 11946K, capacity 14606K, committed 14720K, reserved 1048576K
Event: 7537.921 GC heap after
Heap after GC invocations=156 (full 66):
 PSYoungGen      total 115200K, used 7047K [0x00000000eab00000, 0x00000000f3700000, 0x0000000100000000)
  eden space 108032K, 0% used [0x00000000eab00000,0x00000000eab00000,0x00000000f1480000)
  from space 7168K, 98% used [0x00000000f3000000,0x00000000f36e1f58,0x00000000f3700000)
  to   space 10240K, 0% used [0x00000000f2300000,0x00000000f2300000,0x00000000f2d00000)
 ParOldGen       total 92672K, used 59542K [0x00000000c0000000, 0x00000000c5a80000, 0x00000000eab00000)
  object space 92672K, 64% used [0x00000000c0000000,0x00000000c3a259f8,0x00000000c5a80000)
 Metaspace       used 101595K, capacity 109638K, committed 109952K, reserved 1144832K
  class space    used 11946K, capacity 14606K, committed 14720K, reserved 1048576K
}
Event: 7577.599 GC heap before
{Heap before GC invocations=157 (full 66):
 PSYoungGen      total 115200K, used 115079K [0x00000000eab00000, 0x00000000f3700000, 0x0000000100000000)
  eden space 108032K, 100% used [0x00000000eab00000,0x00000000f1480000,0x00000000f1480000)
  from space 7168K, 98% used [0x00000000f3000000,0x00000000f36e1f58,0x00000000f3700000)
  to   space 10240K, 0% used [0x00000000f2300000,0x00000000f2300000,0x00000000f2d00000)
 ParOldGen       total 92672K, used 59542K [0x00000000c0000000, 0x00000000c5a80000, 0x00000000eab00000)
  object space 92672K, 64% used [0x00000000c0000000,0x00000000c3a259f8,0x00000000c5a80000)
 Metaspace       used 101816K, capacity 109842K, committed 110208K, reserved 1144832K
  class space    used 11964K, capacity 14608K, committed 14720K, reserved 1048576K
Event: 7577.614 GC heap after
Heap after GC invocations=157 (full 66):
 PSYoungGen      total 113664K, used 9088K [0x00000000eab00000, 0x00000000f3080000, 0x0000000100000000)
  eden space 104448K, 0% used [0x00000000eab00000,0x00000000eab00000,0x00000000f1100000)
  from space 9216K, 98% used [0x00000000f2300000,0x00000000f2be01c8,0x00000000f2c00000)
  to   space 4608K, 0% used [0x00000000f2c00000,0x00000000f2c00000,0x00000000f3080000)
 ParOldGen       total 92672K, used 59550K [0x00000000c0000000, 0x00000000c5a80000, 0x00000000eab00000)
  object space 92672K, 64% used [0x00000000c0000000,0x00000000c3a279f8,0x00000000c5a80000)
 Metaspace       used 101816K, capacity 109842K, committed 110208K, reserved 1144832K
  class space    used 11964K, capacity 14608K, committed 14720K, reserved 1048576K
}
Event: 7810.251 GC heap before
{Heap before GC invocations=158 (full 66):
 PSYoungGen      total 113664K, used 113536K [0x00000000eab00000, 0x00000000f3080000, 0x0000000100000000)
  eden space 104448K, 100% used [0x00000000eab00000,0x00000000f1100000,0x00000000f1100000)
  from space 9216K, 98% used [0x00000000f2300000,0x00000000f2be01c8,0x00000000f2c00000)
  to   space 4608K, 0% used [0x00000000f2c00000,0x00000000f2c00000,0x00000000f3080000)
 ParOldGen       total 92672K, used 59550K [0x00000000c0000000, 0x00000000c5a80000, 0x00000000eab00000)
  object space 92672K, 64% used [0x00000000c0000000,0x00000000c3a279f8,0x00000000c5a80000)
 Metaspace       used 101952K, capacity 110162K, committed 110464K, reserved 1144832K
  class space    used 11965K, capacity 14608K, committed 14720K, reserved 1048576K
Event: 7810.260 GC heap after
Heap after GC invocations=158 (full 66):
 PSYoungGen      total 105472K, used 4582K [0x00000000eab00000, 0x00000000f3080000, 0x0000000100000000)
  eden space 100864K, 0% used [0x00000000eab00000,0x00000000eab00000,0x00000000f0d80000)
  from space 4608K, 99% used [0x00000000f2c00000,0x00000000f3079a40,0x00000000f3080000)
  to   space 11776K, 0% used [0x00000000f1980000,0x00000000f1980000,0x00000000f2500000)
 ParOldGen       total 92672K, used 63710K [0x00000000c0000000, 0x00000000c5a80000, 0x00000000eab00000)
  object space 92672K, 68% used [0x00000000c0000000,0x00000000c3e37808,0x00000000c5a80000)
 Metaspace       used 101952K, capacity 110162K, committed 110464K, reserved 1144832K
  class space    used 11965K, capacity 14608K, committed 14720K, reserved 1048576K
}

